<?xml version="1.0" encoding="UTF-8"?>
<!-- Generated by org.testng.reporters.JUnitReportReporter -->
<testsuite skipped="0" hostname="SHREYAS-PC" name="BDD.APIFramework.AppTest" tests="1" failures="0" timestamp="2022-04-22T23:13:38 IST" time="0.010" errors="0">
  <testcase name="shouldAnswerWithTrue" time="0.010" classname="BDD.APIFramework.AppTest"/>
  <system-out/>
</testsuite> <!-- BDD.APIFramework.AppTest -->
